2017-01-11 17:56:49 [127.0.0.1][2][1saspqm5rneklvmsouslpr84l2][error][yii\base\ErrorException:1] exception 'yii\base\ErrorException' with message 'Class 'backend\controllers\ArrayHelper' not found' in D:\phpStudy\WWW\advanced\backend\controllers\UserController.php:69
Stack trace:
#0 [internal function]: yii\base\ErrorHandler->handleFatalError()
#1 {main}
2017-01-11 17:56:48 [127.0.0.1][2][1saspqm5rneklvmsouslpr84l2][info][application] $_GET = [
    'id' => '1'
]

$_COOKIE = [
    '_csrf-backend' => '66ec28a95acad0ba6e3f443980c397dce099e44bb9c7559d11b0f66580f2f098a:2:{i:0;s:13:\"_csrf-backend\";i:1;s:32:\"rVcGs-edcMa9tkuiZKy2OIL9MgrZcXgr\";}'
    'advanced-backend' => '1saspqm5rneklvmsouslpr84l2'
]

$_SESSION = [
    '__flash' => []
    '__returnUrl' => '/user/view'
    'user' => [
        'id' => 2
        'username' => 'appadmin'
        'email' => 'appadmin@126.com'
        'level' => 1
    ]
    '__id' => 2
]

$_SERVER = [
    'ALLUSERSPROFILE' => 'C:\\ProgramData'
    'APPDATA' => 'C:\\Users\\win7\\AppData\\Roaming'
    'CLASSPATH' => '.;D:\\java7\\lib;D:\\java7\\lib\\tools.jar'
    'CommonProgramFiles' => 'C:\\Program Files (x86)\\Common Files'
    'CommonProgramFiles(x86)' => 'C:\\Program Files (x86)\\Common Files'
    'CommonProgramW6432' => 'C:\\Program Files\\Common Files'
    'COMPUTERNAME' => 'WIN-Q5VLNAMASMA'
    'ComSpec' => 'C:\\Windows\\system32\\cmd.exe'
    'FP_NO_HOST_CHECK' => 'NO'
    'HOMEDRIVE' => 'C:'
    'HOMEPATH' => '\\Users\\win7'
    'JAVA_HOME' => 'D:\\java7'
    'LOCALAPPDATA' => 'C:\\Users\\win7\\AppData\\Local'
    'LOGONSERVER' => '\\\\WIN-Q5VLNAMASMA'
    'NUMBER_OF_PROCESSORS' => '8'
    'OS' => 'Windows_NT'
    'Path' => 'C:\\Windows\\system32;C:\\Windows;C:\\Windows\\System32\\Wbem;C:\\Windows\\System32\\WindowsPowerShell\\v1.0\\;D:\\phpStudy\\php\\php-5.6.27-nts;C:\\ProgramData\\ComposerSetup\\bin;C:\\Program Files\\Git\\cmd;D:\\java7\\bin;D:\\java7\\jre\\bin;C:\\Users\\win7\\AppData\\Roaming\\Composer\\vendor\\bin'
    'PATHEXT' => '.COM;.EXE;.BAT;.CMD;.VBS;.VBE;.JS;.JSE;.WSF;.WSH;.MSC'
    'PROCESSOR_ARCHITECTURE' => 'x86'
    'PROCESSOR_ARCHITEW6432' => 'AMD64'
    'PROCESSOR_IDENTIFIER' => 'Intel64 Family 6 Model 94 Stepping 3, GenuineIntel'
    'PROCESSOR_LEVEL' => '6'
    'PROCESSOR_REVISION' => '5e03'
    'ProgramData' => 'C:\\ProgramData'
    'ProgramFiles' => 'C:\\Program Files (x86)'
    'ProgramFiles(x86)' => 'C:\\Program Files (x86)'
    'ProgramW6432' => 'C:\\Program Files'
    'PSModulePath' => 'C:\\Windows\\system32\\WindowsPowerShell\\v1.0\\Modules\\'
    'PUBLIC' => 'C:\\Users\\Public'
    'SESSIONNAME' => 'Console'
    'SystemDrive' => 'C:'
    'SystemRoot' => 'C:\\Windows'
    'TEMP' => 'C:\\Users\\win7\\AppData\\Local\\Temp'
    'TMP' => 'C:\\Users\\win7\\AppData\\Local\\Temp'
    'USERDOMAIN' => 'WIN-Q5VLNAMASMA'
    'USERNAME' => 'win7'
    'USERPROFILE' => 'C:\\Users\\win7'
    'windir' => 'C:\\Windows'
    'windows_tracing_flags' => '3'
    'windows_tracing_logfile' => 'C:\\BVTBin\\Tests\\installpackage\\csilogfile.log'
    'HTTP_COOKIE' => '_csrf-backend=66ec28a95acad0ba6e3f443980c397dce099e44bb9c7559d11b0f66580f2f098a%3A2%3A%7Bi%3A0%3Bs%3A13%3A%22_csrf-backend%22%3Bi%3A1%3Bs%3A32%3A%22rVcGs-edcMa9tkuiZKy2OIL9MgrZcXgr%22%3B%7D; advanced-backend=1saspqm5rneklvmsouslpr84l2'
    'HTTP_ACCEPT_LANGUAGE' => 'zh-CN,zh;q=0.8'
    'HTTP_ACCEPT_ENCODING' => 'gzip, deflate, sdch'
    'HTTP_REFERER' => 'http://back.dev/user/index'
    'HTTP_ACCEPT' => 'text/html,application/xhtml+xml,application/xml;q=0.9,image/webp,*/*;q=0.8'
    'HTTP_USER_AGENT' => 'Mozilla/5.0 (Windows NT 6.1; WOW64) AppleWebKit/537.36 (KHTML, like Gecko) Chrome/55.0.2883.87 Safari/537.36'
    'HTTP_UPGRADE_INSECURE_REQUESTS' => '1'
    'HTTP_CACHE_CONTROL' => 'max-age=0'
    'HTTP_CONNECTION' => 'keep-alive'
    'HTTP_HOST' => 'back.dev'
    'REDIRECT_STATUS' => '200'
    'SERVER_NAME' => 'back.dev'
    'SERVER_PORT' => '80'
    'SERVER_ADDR' => '127.0.0.1'
    'REMOTE_PORT' => '53746'
    'REMOTE_ADDR' => '127.0.0.1'
    'SERVER_SOFTWARE' => 'nginx/1.11.5'
    'GATEWAY_INTERFACE' => 'CGI/1.1'
    'SERVER_PROTOCOL' => 'HTTP/1.1'
    'DOCUMENT_ROOT' => 'D:/phpStudy/WWW/advanced/backend/web'
    'DOCUMENT_URI' => '/index.php'
    'REQUEST_URI' => '/user/view?id=1'
    'SCRIPT_NAME' => '/index.php'
    'CONTENT_LENGTH' => ''
    'CONTENT_TYPE' => ''
    'REQUEST_METHOD' => 'GET'
    'QUERY_STRING' => 'id=1'
    'PATH_TRANSLATED' => 'D:/phpStudy/WWW/advanced/backend/web'
    'PATH_INFO' => ''
    'SCRIPT_FILENAME' => 'D:/phpStudy/WWW/advanced/backend/web/index.php'
    'FCGI_ROLE' => 'RESPONDER'
    'PHP_SELF' => '/index.php'
    'REQUEST_TIME_FLOAT' => 1484128608.6626
    'REQUEST_TIME' => 1484128608
]
2017-01-11 18:11:55 [127.0.0.1][2][1saspqm5rneklvmsouslpr84l2][error][yii\base\ErrorException:8] exception 'yii\base\ErrorException' with message 'Undefined variable: id' in D:\phpStudy\WWW\advanced\backend\views\user\view.php:54
Stack trace:
#0 D:\phpStudy\WWW\advanced\backend\views\user\view.php(54): yii\base\ErrorHandler->handleError(8, 'Undefined varia...', 'D:\\phpStudy\\WWW...', 54, Array)
#1 D:\phpStudy\WWW\advanced\vendor\yiisoft\yii2\base\View.php(326): require('D:\\phpStudy\\WWW...')
#2 D:\phpStudy\WWW\advanced\vendor\yiisoft\yii2\base\View.php(248): yii\base\View->renderPhpFile('D:\\phpStudy\\WWW...', Array)
#3 D:\phpStudy\WWW\advanced\vendor\yiisoft\yii2\base\View.php(150): yii\base\View->renderFile('D:\\phpStudy\\WWW...', Array, Object(backend\controllers\UserController))
#4 D:\phpStudy\WWW\advanced\vendor\yiisoft\yii2\base\Controller.php(378): yii\base\View->render('view', Array, Object(backend\controllers\UserController))
#5 D:\phpStudy\WWW\advanced\backend\controllers\UserController.php(118): yii\base\Controller->render('view', Array)
#6 [internal function]: backend\controllers\UserController->actionView('1')
#7 D:\phpStudy\WWW\advanced\vendor\yiisoft\yii2\base\InlineAction.php(55): call_user_func_array(Array, Array)
#8 D:\phpStudy\WWW\advanced\vendor\yiisoft\yii2\base\Controller.php(154): yii\base\InlineAction->runWithParams(Array)
#9 D:\phpStudy\WWW\advanced\vendor\yiisoft\yii2\base\Module.php(454): yii\base\Controller->runAction('view', Array)
#10 D:\phpStudy\WWW\advanced\vendor\yiisoft\yii2\web\Application.php(100): yii\base\Module->runAction('user/view', Array)
#11 D:\phpStudy\WWW\advanced\vendor\yiisoft\yii2\base\Application.php(375): yii\web\Application->handleRequest(Object(yii\web\Request))
#12 D:\phpStudy\WWW\advanced\backend\web\index.php(17): yii\base\Application->run()
#13 {main}
2017-01-11 18:11:54 [127.0.0.1][2][1saspqm5rneklvmsouslpr84l2][info][application] $_GET = [
    'id' => '1'
]

$_COOKIE = [
    '_csrf-backend' => '66ec28a95acad0ba6e3f443980c397dce099e44bb9c7559d11b0f66580f2f098a:2:{i:0;s:13:\"_csrf-backend\";i:1;s:32:\"rVcGs-edcMa9tkuiZKy2OIL9MgrZcXgr\";}'
    'advanced-backend' => '1saspqm5rneklvmsouslpr84l2'
]

$_SESSION = [
    '__flash' => []
    '__returnUrl' => '/user/view'
    'user' => [
        'id' => 2
        'username' => 'appadmin'
        'email' => 'appadmin@126.com'
        'level' => 1
    ]
    '__id' => 2
]

$_SERVER = [
    'ALLUSERSPROFILE' => 'C:\\ProgramData'
    'APPDATA' => 'C:\\Users\\win7\\AppData\\Roaming'
    'CLASSPATH' => '.;D:\\java7\\lib;D:\\java7\\lib\\tools.jar'
    'CommonProgramFiles' => 'C:\\Program Files (x86)\\Common Files'
    'CommonProgramFiles(x86)' => 'C:\\Program Files (x86)\\Common Files'
    'CommonProgramW6432' => 'C:\\Program Files\\Common Files'
    'COMPUTERNAME' => 'WIN-Q5VLNAMASMA'
    'ComSpec' => 'C:\\Windows\\system32\\cmd.exe'
    'FP_NO_HOST_CHECK' => 'NO'
    'HOMEDRIVE' => 'C:'
    'HOMEPATH' => '\\Users\\win7'
    'JAVA_HOME' => 'D:\\java7'
    'LOCALAPPDATA' => 'C:\\Users\\win7\\AppData\\Local'
    'LOGONSERVER' => '\\\\WIN-Q5VLNAMASMA'
    'NUMBER_OF_PROCESSORS' => '8'
    'OS' => 'Windows_NT'
    'Path' => 'C:\\Windows\\system32;C:\\Windows;C:\\Windows\\System32\\Wbem;C:\\Windows\\System32\\WindowsPowerShell\\v1.0\\;D:\\phpStudy\\php\\php-5.6.27-nts;C:\\ProgramData\\ComposerSetup\\bin;C:\\Program Files\\Git\\cmd;D:\\java7\\bin;D:\\java7\\jre\\bin;C:\\Users\\win7\\AppData\\Roaming\\Composer\\vendor\\bin'
    'PATHEXT' => '.COM;.EXE;.BAT;.CMD;.VBS;.VBE;.JS;.JSE;.WSF;.WSH;.MSC'
    'PROCESSOR_ARCHITECTURE' => 'x86'
    'PROCESSOR_ARCHITEW6432' => 'AMD64'
    'PROCESSOR_IDENTIFIER' => 'Intel64 Family 6 Model 94 Stepping 3, GenuineIntel'
    'PROCESSOR_LEVEL' => '6'
    'PROCESSOR_REVISION' => '5e03'
    'ProgramData' => 'C:\\ProgramData'
    'ProgramFiles' => 'C:\\Program Files (x86)'
    'ProgramFiles(x86)' => 'C:\\Program Files (x86)'
    'ProgramW6432' => 'C:\\Program Files'
    'PSModulePath' => 'C:\\Windows\\system32\\WindowsPowerShell\\v1.0\\Modules\\'
    'PUBLIC' => 'C:\\Users\\Public'
    'SESSIONNAME' => 'Console'
    'SystemDrive' => 'C:'
    'SystemRoot' => 'C:\\Windows'
    'TEMP' => 'C:\\Users\\win7\\AppData\\Local\\Temp'
    'TMP' => 'C:\\Users\\win7\\AppData\\Local\\Temp'
    'USERDOMAIN' => 'WIN-Q5VLNAMASMA'
    'USERNAME' => 'win7'
    'USERPROFILE' => 'C:\\Users\\win7'
    'windir' => 'C:\\Windows'
    'windows_tracing_flags' => '3'
    'windows_tracing_logfile' => 'C:\\BVTBin\\Tests\\installpackage\\csilogfile.log'
    'HTTP_COOKIE' => '_csrf-backend=66ec28a95acad0ba6e3f443980c397dce099e44bb9c7559d11b0f66580f2f098a%3A2%3A%7Bi%3A0%3Bs%3A13%3A%22_csrf-backend%22%3Bi%3A1%3Bs%3A32%3A%22rVcGs-edcMa9tkuiZKy2OIL9MgrZcXgr%22%3B%7D; advanced-backend=1saspqm5rneklvmsouslpr84l2'
    'HTTP_ACCEPT_LANGUAGE' => 'zh-CN,zh;q=0.8'
    'HTTP_ACCEPT_ENCODING' => 'gzip, deflate, sdch'
    'HTTP_REFERER' => 'http://back.dev/user/index'
    'HTTP_ACCEPT' => 'text/html,application/xhtml+xml,application/xml;q=0.9,image/webp,*/*;q=0.8'
    'HTTP_USER_AGENT' => 'Mozilla/5.0 (Windows NT 6.1; WOW64) AppleWebKit/537.36 (KHTML, like Gecko) Chrome/55.0.2883.87 Safari/537.36'
    'HTTP_UPGRADE_INSECURE_REQUESTS' => '1'
    'HTTP_CACHE_CONTROL' => 'max-age=0'
    'HTTP_CONNECTION' => 'keep-alive'
    'HTTP_HOST' => 'back.dev'
    'REDIRECT_STATUS' => '200'
    'SERVER_NAME' => 'back.dev'
    'SERVER_PORT' => '80'
    'SERVER_ADDR' => '127.0.0.1'
    'REMOTE_PORT' => '53815'
    'REMOTE_ADDR' => '127.0.0.1'
    'SERVER_SOFTWARE' => 'nginx/1.11.5'
    'GATEWAY_INTERFACE' => 'CGI/1.1'
    'SERVER_PROTOCOL' => 'HTTP/1.1'
    'DOCUMENT_ROOT' => 'D:/phpStudy/WWW/advanced/backend/web'
    'DOCUMENT_URI' => '/index.php'
    'REQUEST_URI' => '/user/view?id=1'
    'SCRIPT_NAME' => '/index.php'
    'CONTENT_LENGTH' => ''
    'CONTENT_TYPE' => ''
    'REQUEST_METHOD' => 'GET'
    'QUERY_STRING' => 'id=1'
    'PATH_TRANSLATED' => 'D:/phpStudy/WWW/advanced/backend/web'
    'PATH_INFO' => ''
    'SCRIPT_FILENAME' => 'D:/phpStudy/WWW/advanced/backend/web/index.php'
    'FCGI_ROLE' => 'RESPONDER'
    'PHP_SELF' => '/index.php'
    'REQUEST_TIME_FLOAT' => 1484129514.2506
    'REQUEST_TIME' => 1484129514
]
2017-01-11 18:12:49 [127.0.0.1][2][1saspqm5rneklvmsouslpr84l2][error][yii\base\ErrorException:1] exception 'yii\base\ErrorException' with message 'Class 'Url' not found' in D:\phpStudy\WWW\advanced\backend\views\user\chart1.php:25
Stack trace:
#0 [internal function]: yii\base\ErrorHandler->handleFatalError()
#1 {main}
2017-01-11 18:12:48 [127.0.0.1][2][1saspqm5rneklvmsouslpr84l2][info][application] $_GET = [
    'id' => '1'
]

$_COOKIE = [
    '_csrf-backend' => '66ec28a95acad0ba6e3f443980c397dce099e44bb9c7559d11b0f66580f2f098a:2:{i:0;s:13:\"_csrf-backend\";i:1;s:32:\"rVcGs-edcMa9tkuiZKy2OIL9MgrZcXgr\";}'
    'advanced-backend' => '1saspqm5rneklvmsouslpr84l2'
]

$_SESSION = [
    '__flash' => []
    '__returnUrl' => '/user/view'
    'user' => [
        'id' => 2
        'username' => 'appadmin'
        'email' => 'appadmin@126.com'
        'level' => 1
    ]
    '__id' => 2
]

$_SERVER = [
    'ALLUSERSPROFILE' => 'C:\\ProgramData'
    'APPDATA' => 'C:\\Users\\win7\\AppData\\Roaming'
    'CLASSPATH' => '.;D:\\java7\\lib;D:\\java7\\lib\\tools.jar'
    'CommonProgramFiles' => 'C:\\Program Files (x86)\\Common Files'
    'CommonProgramFiles(x86)' => 'C:\\Program Files (x86)\\Common Files'
    'CommonProgramW6432' => 'C:\\Program Files\\Common Files'
    'COMPUTERNAME' => 'WIN-Q5VLNAMASMA'
    'ComSpec' => 'C:\\Windows\\system32\\cmd.exe'
    'FP_NO_HOST_CHECK' => 'NO'
    'HOMEDRIVE' => 'C:'
    'HOMEPATH' => '\\Users\\win7'
    'JAVA_HOME' => 'D:\\java7'
    'LOCALAPPDATA' => 'C:\\Users\\win7\\AppData\\Local'
    'LOGONSERVER' => '\\\\WIN-Q5VLNAMASMA'
    'NUMBER_OF_PROCESSORS' => '8'
    'OS' => 'Windows_NT'
    'Path' => 'C:\\Windows\\system32;C:\\Windows;C:\\Windows\\System32\\Wbem;C:\\Windows\\System32\\WindowsPowerShell\\v1.0\\;D:\\phpStudy\\php\\php-5.6.27-nts;C:\\ProgramData\\ComposerSetup\\bin;C:\\Program Files\\Git\\cmd;D:\\java7\\bin;D:\\java7\\jre\\bin;C:\\Users\\win7\\AppData\\Roaming\\Composer\\vendor\\bin'
    'PATHEXT' => '.COM;.EXE;.BAT;.CMD;.VBS;.VBE;.JS;.JSE;.WSF;.WSH;.MSC'
    'PROCESSOR_ARCHITECTURE' => 'x86'
    'PROCESSOR_ARCHITEW6432' => 'AMD64'
    'PROCESSOR_IDENTIFIER' => 'Intel64 Family 6 Model 94 Stepping 3, GenuineIntel'
    'PROCESSOR_LEVEL' => '6'
    'PROCESSOR_REVISION' => '5e03'
    'ProgramData' => 'C:\\ProgramData'
    'ProgramFiles' => 'C:\\Program Files (x86)'
    'ProgramFiles(x86)' => 'C:\\Program Files (x86)'
    'ProgramW6432' => 'C:\\Program Files'
    'PSModulePath' => 'C:\\Windows\\system32\\WindowsPowerShell\\v1.0\\Modules\\'
    'PUBLIC' => 'C:\\Users\\Public'
    'SESSIONNAME' => 'Console'
    'SystemDrive' => 'C:'
    'SystemRoot' => 'C:\\Windows'
    'TEMP' => 'C:\\Users\\win7\\AppData\\Local\\Temp'
    'TMP' => 'C:\\Users\\win7\\AppData\\Local\\Temp'
    'USERDOMAIN' => 'WIN-Q5VLNAMASMA'
    'USERNAME' => 'win7'
    'USERPROFILE' => 'C:\\Users\\win7'
    'windir' => 'C:\\Windows'
    'windows_tracing_flags' => '3'
    'windows_tracing_logfile' => 'C:\\BVTBin\\Tests\\installpackage\\csilogfile.log'
    'HTTP_COOKIE' => '_csrf-backend=66ec28a95acad0ba6e3f443980c397dce099e44bb9c7559d11b0f66580f2f098a%3A2%3A%7Bi%3A0%3Bs%3A13%3A%22_csrf-backend%22%3Bi%3A1%3Bs%3A32%3A%22rVcGs-edcMa9tkuiZKy2OIL9MgrZcXgr%22%3B%7D; advanced-backend=1saspqm5rneklvmsouslpr84l2'
    'HTTP_ACCEPT_LANGUAGE' => 'zh-CN,zh;q=0.8'
    'HTTP_ACCEPT_ENCODING' => 'gzip, deflate, sdch'
    'HTTP_REFERER' => 'http://back.dev/user/index'
    'HTTP_ACCEPT' => 'text/html,application/xhtml+xml,application/xml;q=0.9,image/webp,*/*;q=0.8'
    'HTTP_USER_AGENT' => 'Mozilla/5.0 (Windows NT 6.1; WOW64) AppleWebKit/537.36 (KHTML, like Gecko) Chrome/55.0.2883.87 Safari/537.36'
    'HTTP_UPGRADE_INSECURE_REQUESTS' => '1'
    'HTTP_CACHE_CONTROL' => 'max-age=0'
    'HTTP_CONNECTION' => 'keep-alive'
    'HTTP_HOST' => 'back.dev'
    'REDIRECT_STATUS' => '200'
    'SERVER_NAME' => 'back.dev'
    'SERVER_PORT' => '80'
    'SERVER_ADDR' => '127.0.0.1'
    'REMOTE_PORT' => '53815'
    'REMOTE_ADDR' => '127.0.0.1'
    'SERVER_SOFTWARE' => 'nginx/1.11.5'
    'GATEWAY_INTERFACE' => 'CGI/1.1'
    'SERVER_PROTOCOL' => 'HTTP/1.1'
    'DOCUMENT_ROOT' => 'D:/phpStudy/WWW/advanced/backend/web'
    'DOCUMENT_URI' => '/index.php'
    'REQUEST_URI' => '/user/view?id=1'
    'SCRIPT_NAME' => '/index.php'
    'CONTENT_LENGTH' => ''
    'CONTENT_TYPE' => ''
    'REQUEST_METHOD' => 'GET'
    'QUERY_STRING' => 'id=1'
    'PATH_TRANSLATED' => 'D:/phpStudy/WWW/advanced/backend/web'
    'PATH_INFO' => ''
    'SCRIPT_FILENAME' => 'D:/phpStudy/WWW/advanced/backend/web/index.php'
    'FCGI_ROLE' => 'RESPONDER'
    'PHP_SELF' => '/index.php'
    'REQUEST_TIME_FLOAT' => 1484129568.1566
    'REQUEST_TIME' => 1484129568
]
2017-01-11 18:18:52 [127.0.0.1][2][1saspqm5rneklvmsouslpr84l2][error][yii\base\ErrorException:1] exception 'yii\base\ErrorException' with message 'Class 'Url' not found' in D:\phpStudy\WWW\advanced\backend\views\user\chart2.php:27
Stack trace:
#0 [internal function]: yii\base\ErrorHandler->handleFatalError()
#1 {main}
2017-01-11 18:18:51 [127.0.0.1][2][1saspqm5rneklvmsouslpr84l2][info][application] $_GET = [
    'id' => '1'
]

$_COOKIE = [
    '_csrf-backend' => '66ec28a95acad0ba6e3f443980c397dce099e44bb9c7559d11b0f66580f2f098a:2:{i:0;s:13:\"_csrf-backend\";i:1;s:32:\"rVcGs-edcMa9tkuiZKy2OIL9MgrZcXgr\";}'
    'advanced-backend' => '1saspqm5rneklvmsouslpr84l2'
]

$_SESSION = [
    '__flash' => []
    '__returnUrl' => '/user/view'
    'user' => [
        'id' => 2
        'username' => 'appadmin'
        'email' => 'appadmin@126.com'
        'level' => 1
    ]
    '__id' => 2
]

$_SERVER = [
    'ALLUSERSPROFILE' => 'C:\\ProgramData'
    'APPDATA' => 'C:\\Users\\win7\\AppData\\Roaming'
    'CLASSPATH' => '.;D:\\java7\\lib;D:\\java7\\lib\\tools.jar'
    'CommonProgramFiles' => 'C:\\Program Files (x86)\\Common Files'
    'CommonProgramFiles(x86)' => 'C:\\Program Files (x86)\\Common Files'
    'CommonProgramW6432' => 'C:\\Program Files\\Common Files'
    'COMPUTERNAME' => 'WIN-Q5VLNAMASMA'
    'ComSpec' => 'C:\\Windows\\system32\\cmd.exe'
    'FP_NO_HOST_CHECK' => 'NO'
    'HOMEDRIVE' => 'C:'
    'HOMEPATH' => '\\Users\\win7'
    'JAVA_HOME' => 'D:\\java7'
    'LOCALAPPDATA' => 'C:\\Users\\win7\\AppData\\Local'
    'LOGONSERVER' => '\\\\WIN-Q5VLNAMASMA'
    'NUMBER_OF_PROCESSORS' => '8'
    'OS' => 'Windows_NT'
    'Path' => 'C:\\Windows\\system32;C:\\Windows;C:\\Windows\\System32\\Wbem;C:\\Windows\\System32\\WindowsPowerShell\\v1.0\\;D:\\phpStudy\\php\\php-5.6.27-nts;C:\\ProgramData\\ComposerSetup\\bin;C:\\Program Files\\Git\\cmd;D:\\java7\\bin;D:\\java7\\jre\\bin;C:\\Users\\win7\\AppData\\Roaming\\Composer\\vendor\\bin'
    'PATHEXT' => '.COM;.EXE;.BAT;.CMD;.VBS;.VBE;.JS;.JSE;.WSF;.WSH;.MSC'
    'PROCESSOR_ARCHITECTURE' => 'x86'
    'PROCESSOR_ARCHITEW6432' => 'AMD64'
    'PROCESSOR_IDENTIFIER' => 'Intel64 Family 6 Model 94 Stepping 3, GenuineIntel'
    'PROCESSOR_LEVEL' => '6'
    'PROCESSOR_REVISION' => '5e03'
    'ProgramData' => 'C:\\ProgramData'
    'ProgramFiles' => 'C:\\Program Files (x86)'
    'ProgramFiles(x86)' => 'C:\\Program Files (x86)'
    'ProgramW6432' => 'C:\\Program Files'
    'PSModulePath' => 'C:\\Windows\\system32\\WindowsPowerShell\\v1.0\\Modules\\'
    'PUBLIC' => 'C:\\Users\\Public'
    'SESSIONNAME' => 'Console'
    'SystemDrive' => 'C:'
    'SystemRoot' => 'C:\\Windows'
    'TEMP' => 'C:\\Users\\win7\\AppData\\Local\\Temp'
    'TMP' => 'C:\\Users\\win7\\AppData\\Local\\Temp'
    'USERDOMAIN' => 'WIN-Q5VLNAMASMA'
    'USERNAME' => 'win7'
    'USERPROFILE' => 'C:\\Users\\win7'
    'windir' => 'C:\\Windows'
    'windows_tracing_flags' => '3'
    'windows_tracing_logfile' => 'C:\\BVTBin\\Tests\\installpackage\\csilogfile.log'
    'HTTP_COOKIE' => '_csrf-backend=66ec28a95acad0ba6e3f443980c397dce099e44bb9c7559d11b0f66580f2f098a%3A2%3A%7Bi%3A0%3Bs%3A13%3A%22_csrf-backend%22%3Bi%3A1%3Bs%3A32%3A%22rVcGs-edcMa9tkuiZKy2OIL9MgrZcXgr%22%3B%7D; advanced-backend=1saspqm5rneklvmsouslpr84l2'
    'HTTP_ACCEPT_LANGUAGE' => 'zh-CN,zh;q=0.8'
    'HTTP_ACCEPT_ENCODING' => 'gzip, deflate, sdch'
    'HTTP_REFERER' => 'http://back.dev/user/index'
    'HTTP_ACCEPT' => 'text/html,application/xhtml+xml,application/xml;q=0.9,image/webp,*/*;q=0.8'
    'HTTP_USER_AGENT' => 'Mozilla/5.0 (Windows NT 6.1; WOW64) AppleWebKit/537.36 (KHTML, like Gecko) Chrome/55.0.2883.87 Safari/537.36'
    'HTTP_UPGRADE_INSECURE_REQUESTS' => '1'
    'HTTP_CONNECTION' => 'keep-alive'
    'HTTP_HOST' => 'back.dev'
    'REDIRECT_STATUS' => '200'
    'SERVER_NAME' => 'back.dev'
    'SERVER_PORT' => '80'
    'SERVER_ADDR' => '127.0.0.1'
    'REMOTE_PORT' => '53861'
    'REMOTE_ADDR' => '127.0.0.1'
    'SERVER_SOFTWARE' => 'nginx/1.11.5'
    'GATEWAY_INTERFACE' => 'CGI/1.1'
    'SERVER_PROTOCOL' => 'HTTP/1.1'
    'DOCUMENT_ROOT' => 'D:/phpStudy/WWW/advanced/backend/web'
    'DOCUMENT_URI' => '/index.php'
    'REQUEST_URI' => '/user/view?id=1'
    'SCRIPT_NAME' => '/index.php'
    'CONTENT_LENGTH' => ''
    'CONTENT_TYPE' => ''
    'REQUEST_METHOD' => 'GET'
    'QUERY_STRING' => 'id=1'
    'PATH_TRANSLATED' => 'D:/phpStudy/WWW/advanced/backend/web'
    'PATH_INFO' => ''
    'SCRIPT_FILENAME' => 'D:/phpStudy/WWW/advanced/backend/web/index.php'
    'FCGI_ROLE' => 'RESPONDER'
    'PHP_SELF' => '/index.php'
    'REQUEST_TIME_FLOAT' => 1484129931.5766
    'REQUEST_TIME' => 1484129931
]
2017-01-11 18:19:16 [127.0.0.1][2][1saspqm5rneklvmsouslpr84l2][error][yii\base\ErrorException:8] exception 'yii\base\ErrorException' with message 'Undefined variable: id' in D:\phpStudy\WWW\advanced\backend\views\user\chart2.php:31
Stack trace:
#0 D:\phpStudy\WWW\advanced\backend\views\user\chart2.php(31): yii\base\ErrorHandler->handleError(8, 'Undefined varia...', 'D:\\phpStudy\\WWW...', 31, Array)
#1 D:\phpStudy\WWW\advanced\vendor\yiisoft\yii2\base\View.php(326): require('D:\\phpStudy\\WWW...')
#2 D:\phpStudy\WWW\advanced\vendor\yiisoft\yii2\base\View.php(248): yii\base\View->renderPhpFile('D:\\phpStudy\\WWW...', Array)
#3 D:\phpStudy\WWW\advanced\vendor\yiisoft\yii2\base\View.php(150): yii\base\View->renderFile('D:\\phpStudy\\WWW...', Array, NULL)
#4 D:\phpStudy\WWW\advanced\backend\views\user\view.php(58): yii\base\View->render('chart2', Array)
#5 D:\phpStudy\WWW\advanced\vendor\yiisoft\yii2\base\View.php(326): require('D:\\phpStudy\\WWW...')
#6 D:\phpStudy\WWW\advanced\vendor\yiisoft\yii2\base\View.php(248): yii\base\View->renderPhpFile('D:\\phpStudy\\WWW...', Array)
#7 D:\phpStudy\WWW\advanced\vendor\yiisoft\yii2\base\View.php(150): yii\base\View->renderFile('D:\\phpStudy\\WWW...', Array, Object(backend\controllers\UserController))
#8 D:\phpStudy\WWW\advanced\vendor\yiisoft\yii2\base\Controller.php(378): yii\base\View->render('view', Array, Object(backend\controllers\UserController))
#9 D:\phpStudy\WWW\advanced\backend\controllers\UserController.php(119): yii\base\Controller->render('view', Array)
#10 [internal function]: backend\controllers\UserController->actionView('1')
#11 D:\phpStudy\WWW\advanced\vendor\yiisoft\yii2\base\InlineAction.php(55): call_user_func_array(Array, Array)
#12 D:\phpStudy\WWW\advanced\vendor\yiisoft\yii2\base\Controller.php(154): yii\base\InlineAction->runWithParams(Array)
#13 D:\phpStudy\WWW\advanced\vendor\yiisoft\yii2\base\Module.php(454): yii\base\Controller->runAction('view', Array)
#14 D:\phpStudy\WWW\advanced\vendor\yiisoft\yii2\web\Application.php(100): yii\base\Module->runAction('user/view', Array)
#15 D:\phpStudy\WWW\advanced\vendor\yiisoft\yii2\base\Application.php(375): yii\web\Application->handleRequest(Object(yii\web\Request))
#16 D:\phpStudy\WWW\advanced\backend\web\index.php(17): yii\base\Application->run()
#17 {main}
2017-01-11 18:19:15 [127.0.0.1][2][1saspqm5rneklvmsouslpr84l2][info][application] $_GET = [
    'id' => '1'
]

$_COOKIE = [
    '_csrf-backend' => '66ec28a95acad0ba6e3f443980c397dce099e44bb9c7559d11b0f66580f2f098a:2:{i:0;s:13:\"_csrf-backend\";i:1;s:32:\"rVcGs-edcMa9tkuiZKy2OIL9MgrZcXgr\";}'
    'advanced-backend' => '1saspqm5rneklvmsouslpr84l2'
]

$_SESSION = [
    '__flash' => []
    '__returnUrl' => '/user/view'
    'user' => [
        'id' => 2
        'username' => 'appadmin'
        'email' => 'appadmin@126.com'
        'level' => 1
    ]
    '__id' => 2
]

$_SERVER = [
    'ALLUSERSPROFILE' => 'C:\\ProgramData'
    'APPDATA' => 'C:\\Users\\win7\\AppData\\Roaming'
    'CLASSPATH' => '.;D:\\java7\\lib;D:\\java7\\lib\\tools.jar'
    'CommonProgramFiles' => 'C:\\Program Files (x86)\\Common Files'
    'CommonProgramFiles(x86)' => 'C:\\Program Files (x86)\\Common Files'
    'CommonProgramW6432' => 'C:\\Program Files\\Common Files'
    'COMPUTERNAME' => 'WIN-Q5VLNAMASMA'
    'ComSpec' => 'C:\\Windows\\system32\\cmd.exe'
    'FP_NO_HOST_CHECK' => 'NO'
    'HOMEDRIVE' => 'C:'
    'HOMEPATH' => '\\Users\\win7'
    'JAVA_HOME' => 'D:\\java7'
    'LOCALAPPDATA' => 'C:\\Users\\win7\\AppData\\Local'
    'LOGONSERVER' => '\\\\WIN-Q5VLNAMASMA'
    'NUMBER_OF_PROCESSORS' => '8'
    'OS' => 'Windows_NT'
    'Path' => 'C:\\Windows\\system32;C:\\Windows;C:\\Windows\\System32\\Wbem;C:\\Windows\\System32\\WindowsPowerShell\\v1.0\\;D:\\phpStudy\\php\\php-5.6.27-nts;C:\\ProgramData\\ComposerSetup\\bin;C:\\Program Files\\Git\\cmd;D:\\java7\\bin;D:\\java7\\jre\\bin;C:\\Users\\win7\\AppData\\Roaming\\Composer\\vendor\\bin'
    'PATHEXT' => '.COM;.EXE;.BAT;.CMD;.VBS;.VBE;.JS;.JSE;.WSF;.WSH;.MSC'
    'PROCESSOR_ARCHITECTURE' => 'x86'
    'PROCESSOR_ARCHITEW6432' => 'AMD64'
    'PROCESSOR_IDENTIFIER' => 'Intel64 Family 6 Model 94 Stepping 3, GenuineIntel'
    'PROCESSOR_LEVEL' => '6'
    'PROCESSOR_REVISION' => '5e03'
    'ProgramData' => 'C:\\ProgramData'
    'ProgramFiles' => 'C:\\Program Files (x86)'
    'ProgramFiles(x86)' => 'C:\\Program Files (x86)'
    'ProgramW6432' => 'C:\\Program Files'
    'PSModulePath' => 'C:\\Windows\\system32\\WindowsPowerShell\\v1.0\\Modules\\'
    'PUBLIC' => 'C:\\Users\\Public'
    'SESSIONNAME' => 'Console'
    'SystemDrive' => 'C:'
    'SystemRoot' => 'C:\\Windows'
    'TEMP' => 'C:\\Users\\win7\\AppData\\Local\\Temp'
    'TMP' => 'C:\\Users\\win7\\AppData\\Local\\Temp'
    'USERDOMAIN' => 'WIN-Q5VLNAMASMA'
    'USERNAME' => 'win7'
    'USERPROFILE' => 'C:\\Users\\win7'
    'windir' => 'C:\\Windows'
    'windows_tracing_flags' => '3'
    'windows_tracing_logfile' => 'C:\\BVTBin\\Tests\\installpackage\\csilogfile.log'
    'HTTP_COOKIE' => '_csrf-backend=66ec28a95acad0ba6e3f443980c397dce099e44bb9c7559d11b0f66580f2f098a%3A2%3A%7Bi%3A0%3Bs%3A13%3A%22_csrf-backend%22%3Bi%3A1%3Bs%3A32%3A%22rVcGs-edcMa9tkuiZKy2OIL9MgrZcXgr%22%3B%7D; advanced-backend=1saspqm5rneklvmsouslpr84l2'
    'HTTP_ACCEPT_LANGUAGE' => 'zh-CN,zh;q=0.8'
    'HTTP_ACCEPT_ENCODING' => 'gzip, deflate, sdch'
    'HTTP_REFERER' => 'http://back.dev/user/index'
    'HTTP_ACCEPT' => 'text/html,application/xhtml+xml,application/xml;q=0.9,image/webp,*/*;q=0.8'
    'HTTP_USER_AGENT' => 'Mozilla/5.0 (Windows NT 6.1; WOW64) AppleWebKit/537.36 (KHTML, like Gecko) Chrome/55.0.2883.87 Safari/537.36'
    'HTTP_UPGRADE_INSECURE_REQUESTS' => '1'
    'HTTP_CACHE_CONTROL' => 'max-age=0'
    'HTTP_CONNECTION' => 'keep-alive'
    'HTTP_HOST' => 'back.dev'
    'REDIRECT_STATUS' => '200'
    'SERVER_NAME' => 'back.dev'
    'SERVER_PORT' => '80'
    'SERVER_ADDR' => '127.0.0.1'
    'REMOTE_PORT' => '53861'
    'REMOTE_ADDR' => '127.0.0.1'
    'SERVER_SOFTWARE' => 'nginx/1.11.5'
    'GATEWAY_INTERFACE' => 'CGI/1.1'
    'SERVER_PROTOCOL' => 'HTTP/1.1'
    'DOCUMENT_ROOT' => 'D:/phpStudy/WWW/advanced/backend/web'
    'DOCUMENT_URI' => '/index.php'
    'REQUEST_URI' => '/user/view?id=1'
    'SCRIPT_NAME' => '/index.php'
    'CONTENT_LENGTH' => ''
    'CONTENT_TYPE' => ''
    'REQUEST_METHOD' => 'GET'
    'QUERY_STRING' => 'id=1'
    'PATH_TRANSLATED' => 'D:/phpStudy/WWW/advanced/backend/web'
    'PATH_INFO' => ''
    'SCRIPT_FILENAME' => 'D:/phpStudy/WWW/advanced/backend/web/index.php'
    'FCGI_ROLE' => 'RESPONDER'
    'PHP_SELF' => '/index.php'
    'REQUEST_TIME_FLOAT' => 1484129955.0966
    'REQUEST_TIME' => 1484129955
]
