2017-01-11 17:51:27 [223.20.81.66][-][dtolo8uk50bkobp1h0al2a94k0][error][yii\base\ErrorException:1] exception 'yii\base\ErrorException' with message 'Call to undefined function frontend\controllers\array_column()' in /data/wwwroot/daili.txyapp.com/frontend/controllers/TestController.php:160
Stack trace:
#0 [internal function]: yii\base\ErrorHandler->handleFatalError()
#1 {main}
2017-01-11 17:51:27 [223.20.81.66][-][dtolo8uk50bkobp1h0al2a94k0][info][application] $_COOKIE = [
    'advanced-frontend' => 'dtolo8uk50bkobp1h0al2a94k0'
    '_csrf-frontend' => '2d9de354ce3deb841a7e8dfb540e34d97a462eee81d046dbc38ed3963ad1b6d9a:2:{i:0;s:14:\"_csrf-frontend\";i:1;s:32:\"KmmwRojjnT-BAyIn_hhiQgK94jsQPL8f\";}'
]

$_SESSION = [
    '__flash' => []
]

$_SERVER = [
    'TEMP' => '/tmp'
    'TMPDIR' => '/tmp'
    'TMP' => '/tmp'
    'PATH' => '/usr/local/bin:/usr/bin:/bin'
    'USER' => 'www'
    'HOME' => '/home/www'
    'FCGI_ROLE' => 'RESPONDER'
    'SCRIPT_FILENAME' => '/data/wwwroot/daili.txyapp.com/frontend/web/index.php'
    'QUERY_STRING' => ''
    'REQUEST_METHOD' => 'GET'
    'CONTENT_TYPE' => ''
    'CONTENT_LENGTH' => ''
    'SCRIPT_NAME' => '/index.php'
    'REQUEST_URI' => '/test/t4'
    'DOCUMENT_URI' => '/index.php'
    'DOCUMENT_ROOT' => '/data/wwwroot/daili.txyapp.com/frontend/web'
    'SERVER_PROTOCOL' => 'HTTP/1.1'
    'REQUEST_SCHEME' => 'http'
    'GATEWAY_INTERFACE' => 'CGI/1.1'
    'SERVER_SOFTWARE' => 'nginx/1.10.2'
    'REMOTE_ADDR' => '223.20.81.66'
    'REMOTE_PORT' => '53708'
    'SERVER_ADDR' => '116.62.39.8'
    'SERVER_PORT' => '8181'
    'SERVER_NAME' => 'daili.txyapp.com'
    'REDIRECT_STATUS' => '200'
    'HTTP_HOST' => 'daili.txyapp.com:8181'
    'HTTP_USER_AGENT' => 'Mozilla/5.0 (Windows NT 6.1; WOW64; rv:50.0) Gecko/20100101 Firefox/50.0'
    'HTTP_ACCEPT' => 'text/html,application/xhtml+xml,application/xml;q=0.9,*/*;q=0.8'
    'HTTP_ACCEPT_LANGUAGE' => 'zh-CN,zh;q=0.8,en-US;q=0.5,en;q=0.3'
    'HTTP_ACCEPT_ENCODING' => 'gzip, deflate'
    'HTTP_COOKIE' => 'advanced-frontend=dtolo8uk50bkobp1h0al2a94k0; _csrf-frontend=2d9de354ce3deb841a7e8dfb540e34d97a462eee81d046dbc38ed3963ad1b6d9a%3A2%3A%7Bi%3A0%3Bs%3A14%3A%22_csrf-frontend%22%3Bi%3A1%3Bs%3A32%3A%22KmmwRojjnT-BAyIn_hhiQgK94jsQPL8f%22%3B%7D'
    'HTTP_CONNECTION' => 'keep-alive'
    'HTTP_UPGRADE_INSECURE_REQUESTS' => '1'
    'HTTP_CACHE_CONTROL' => 'max-age=0'
    'PHP_SELF' => '/index.php'
    'REQUEST_TIME_FLOAT' => 1484128287.9059
    'REQUEST_TIME' => 1484128287
]
